<?xml version="1.0" encoding="UTF-8"?>
<testng-results ignored="0" total="1" passed="1" failed="0" skipped="0">
  <reporter-output>
  </reporter-output>
  <suite started-at="2025-01-30T20:54:14 IST" name="Default suite" finished-at="2025-01-30T20:54:19 IST" duration-ms="5051">
    <groups>
    </groups>
    <test started-at="2025-01-30T20:54:14 IST" name="Default test" finished-at="2025-01-30T20:54:19 IST" duration-ms="5051">
      <class name="com.Test.LeftTabFunction.LeftTab">
        <test-method signature="FillForm()[pri:0, instance:com.Test.LeftTabFunction.LeftTab@747ddf94]" started-at="2025-01-30T20:54:14 IST" name="FillForm" finished-at="2025-01-30T20:54:19 IST" duration-ms="5010" status="PASS">
          <reporter-output>
          </reporter-output>
        </test-method> <!-- FillForm -->
      </class> <!-- com.Test.LeftTabFunction.LeftTab -->
    </test> <!-- Default test -->
  </suite> <!-- Default suite -->
</testng-results>
