<?xml version="1.0" encoding="UTF-8"?>
<testng-results ignored="0" total="1" passed="1" failed="0" skipped="0">
  <reporter-output>
  </reporter-output>
  <suite started-at="2025-01-31T00:58:25 IST" name="Default suite" finished-at="2025-01-31T00:58:31 IST" duration-ms="6042">
    <groups>
    </groups>
    <test started-at="2025-01-31T00:58:25 IST" name="Default test" finished-at="2025-01-31T00:58:31 IST" duration-ms="6042">
      <class name="com.Test.LeftTab.DatePicker.DartePicker3">
        <test-method signature="datepick3()[pri:0, instance:com.Test.LeftTab.DatePicker.DartePicker3@77fbd92c]" started-at="2025-01-31T00:58:25 IST" name="datepick3" finished-at="2025-01-31T00:58:31 IST" duration-ms="6003" status="PASS">
          <reporter-output>
          </reporter-output>
        </test-method> <!-- datepick3 -->
      </class> <!-- com.Test.LeftTab.DatePicker.DartePicker3 -->
    </test> <!-- Default test -->
  </suite> <!-- Default suite -->
</testng-results>
